C:\USERS\1\DOCUMENTS\VISUAL STUDIO 2010\PROJECTS\PROCESSPROTECT\DEBUG\PROCESSPROTECT.EXE
C:\USERS\1\DOCUMENTS\VISUAL STUDIO 2010\PROJECTS\PROCESSPROTECT\DEBUG\PROCESSPROTECT.ILK
C:\USERS\1\DOCUMENTS\VISUAL STUDIO 2010\PROJECTS\PROCESSPROTECT\DEBUG\PROCESSPROTECT.PDB
c:\Users\1\documents\visual studio 2010\Projects\ProcessProtect\ProcessProtect\Debug\cl.command.1.tlog
c:\Users\1\documents\visual studio 2010\Projects\ProcessProtect\ProcessProtect\Debug\CL.read.1.tlog
c:\Users\1\documents\visual studio 2010\Projects\ProcessProtect\ProcessProtect\Debug\CL.write.1.tlog
c:\Users\1\documents\visual studio 2010\Projects\ProcessProtect\ProcessProtect\Debug\link.command.1.tlog
c:\Users\1\documents\visual studio 2010\Projects\ProcessProtect\ProcessProtect\Debug\link.read.1.tlog
c:\Users\1\documents\visual studio 2010\Projects\ProcessProtect\ProcessProtect\Debug\link.write.1.tlog
c:\Users\1\documents\visual studio 2010\Projects\ProcessProtect\ProcessProtect\Debug\link-cvtres.read.1.tlog
c:\Users\1\documents\visual studio 2010\Projects\ProcessProtect\ProcessProtect\Debug\link-cvtres.write.1.tlog
c:\Users\1\documents\visual studio 2010\Projects\ProcessProtect\ProcessProtect\Debug\mt.command.1.tlog
c:\Users\1\documents\visual studio 2010\Projects\ProcessProtect\ProcessProtect\Debug\mt.read.1.tlog
c:\Users\1\documents\visual studio 2010\Projects\ProcessProtect\ProcessProtect\Debug\mt.write.1.tlog
C:\USERS\1\DOCUMENTS\VISUAL STUDIO 2010\PROJECTS\PROCESSPROTECT\PROCESSPROTECT\DEBUG\PROCESSPROTECT.EXE.EMBED.MANIFEST
C:\USERS\1\DOCUMENTS\VISUAL STUDIO 2010\PROJECTS\PROCESSPROTECT\PROCESSPROTECT\DEBUG\PROCESSPROTECT.EXE.EMBED.MANIFEST.RES
C:\USERS\1\DOCUMENTS\VISUAL STUDIO 2010\PROJECTS\PROCESSPROTECT\PROCESSPROTECT\DEBUG\PROCESSPROTECT.EXE.INTERMEDIATE.MANIFEST
C:\USERS\1\DOCUMENTS\VISUAL STUDIO 2010\PROJECTS\PROCESSPROTECT\PROCESSPROTECT\DEBUG\PROCESSPROTECT.OBJ
C:\USERS\1\DOCUMENTS\VISUAL STUDIO 2010\PROJECTS\PROCESSPROTECT\PROCESSPROTECT\DEBUG\PROCESSPROTECT.PCH
C:\USERS\1\DOCUMENTS\VISUAL STUDIO 2010\PROJECTS\PROCESSPROTECT\PROCESSPROTECT\DEBUG\PROCESSPROTECT.RES
c:\Users\1\documents\visual studio 2010\Projects\ProcessProtect\ProcessProtect\Debug\ProcessProtect_manifest.rc
C:\USERS\1\DOCUMENTS\VISUAL STUDIO 2010\PROJECTS\PROCESSPROTECT\PROCESSPROTECT\DEBUG\PROCESSPROTECTDLG.OBJ
c:\Users\1\documents\visual studio 2010\Projects\ProcessProtect\ProcessProtect\Debug\rc.command.1.tlog
c:\Users\1\documents\visual studio 2010\Projects\ProcessProtect\ProcessProtect\Debug\rc.read.1.tlog
c:\Users\1\documents\visual studio 2010\Projects\ProcessProtect\ProcessProtect\Debug\rc.write.1.tlog
C:\USERS\1\DOCUMENTS\VISUAL STUDIO 2010\PROJECTS\PROCESSPROTECT\PROCESSPROTECT\DEBUG\STDAFX.OBJ
c:\Users\1\documents\visual studio 2010\Projects\ProcessProtect\ProcessProtect\Debug\vc100.idb
C:\USERS\1\DOCUMENTS\VISUAL STUDIO 2010\PROJECTS\PROCESSPROTECT\PROCESSPROTECT\DEBUG\VC100.PDB
