C:\Users\1\Documents\Visual Studio 2010\Projects\ProcessProtect\ProcessProtect\Release\cl.command.1.tlog
C:\Users\1\Documents\Visual Studio 2010\Projects\ProcessProtect\ProcessProtect\Release\CL.read.1.tlog
C:\Users\1\Documents\Visual Studio 2010\Projects\ProcessProtect\ProcessProtect\Release\CL.write.1.tlog
C:\Users\1\Documents\Visual Studio 2010\Projects\ProcessProtect\ProcessProtect\Release\link.command.1.tlog
C:\Users\1\Documents\Visual Studio 2010\Projects\ProcessProtect\ProcessProtect\Release\link.read.1.tlog
C:\Users\1\Documents\Visual Studio 2010\Projects\ProcessProtect\ProcessProtect\Release\link.write.1.tlog
C:\Users\1\Documents\Visual Studio 2010\Projects\ProcessProtect\ProcessProtect\Release\link-cvtres.read.1.tlog
C:\Users\1\Documents\Visual Studio 2010\Projects\ProcessProtect\ProcessProtect\Release\link-cvtres.write.1.tlog
C:\Users\1\Documents\Visual Studio 2010\Projects\ProcessProtect\ProcessProtect\Release\mt.command.1.tlog
C:\Users\1\Documents\Visual Studio 2010\Projects\ProcessProtect\ProcessProtect\Release\mt.read.1.tlog
C:\Users\1\Documents\Visual Studio 2010\Projects\ProcessProtect\ProcessProtect\Release\mt.write.1.tlog
C:\USERS\1\DOCUMENTS\VISUAL STUDIO 2010\PROJECTS\PROCESSPROTECT\PROCESSPROTECT\RELEASE\PROCESSPROTECT.EXE.INTERMEDIATE.MANIFEST
C:\USERS\1\DOCUMENTS\VISUAL STUDIO 2010\PROJECTS\PROCESSPROTECT\PROCESSPROTECT\RELEASE\PROCESSPROTECT.OBJ
C:\USERS\1\DOCUMENTS\VISUAL STUDIO 2010\PROJECTS\PROCESSPROTECT\PROCESSPROTECT\RELEASE\PROCESSPROTECT.PCH
C:\USERS\1\DOCUMENTS\VISUAL STUDIO 2010\PROJECTS\PROCESSPROTECT\PROCESSPROTECT\RELEASE\PROCESSPROTECT.RES
C:\USERS\1\DOCUMENTS\VISUAL STUDIO 2010\PROJECTS\PROCESSPROTECT\PROCESSPROTECT\RELEASE\PROCESSPROTECTDLG.OBJ
C:\Users\1\Documents\Visual Studio 2010\Projects\ProcessProtect\ProcessProtect\Release\rc.command.1.tlog
C:\Users\1\Documents\Visual Studio 2010\Projects\ProcessProtect\ProcessProtect\Release\rc.read.1.tlog
C:\Users\1\Documents\Visual Studio 2010\Projects\ProcessProtect\ProcessProtect\Release\rc.write.1.tlog
C:\USERS\1\DOCUMENTS\VISUAL STUDIO 2010\PROJECTS\PROCESSPROTECT\PROCESSPROTECT\RELEASE\STDAFX.OBJ
C:\USERS\1\DOCUMENTS\VISUAL STUDIO 2010\PROJECTS\PROCESSPROTECT\PROCESSPROTECT\RELEASE\VC100.PDB
C:\USERS\1\DOCUMENTS\VISUAL STUDIO 2010\PROJECTS\PROCESSPROTECT\RELEASE\PROCESSPROTECT.EXE
C:\USERS\1\DOCUMENTS\VISUAL STUDIO 2010\PROJECTS\PROCESSPROTECT\RELEASE\PROCESSPROTECT.PDB
