生成启动时间为 10/23/2014 1:37:17 PM。
     1>项目“C:\Users\1\Documents\Visual Studio 2010\Projects\ProcessProtect\ProcessProtect\ProcessProtect.vcxproj”在节点 2 上(rebuild 个目标)。
     1>_PrepareForClean:
         正在删除文件“Release\ProcessProtect.lastbuildstate”。
       InitializeBuildStatus:
         正在创建“Release\ProcessProtect.unsuccessfulbuild”，因为已指定“AlwaysCreate”。
       ClCompile:
         C:\Program Files (x86)\Microsoft Visual Studio 10.0\VC\bin\CL.exe /c /Zi /nologo /W3 /WX- /O2 /Oi /Oy- /GL /D WIN32 /D _WINDOWS /D NDEBUG /D _UNICODE /D UNICODE /D _AFXDLL /Gm- /EHsc /MD /GS /Gy /fp:precise /Zc:wchar_t /Zc:forScope /Yc"StdAfx.h" /Fp"Release\ProcessProtect.pch" /Fo"Release\\" /Fd"Release\vc100.pdb" /Gd /TP /analyze- /errorReport:prompt stdafx.cpp
         stdafx.cpp
         C:\Program Files (x86)\Microsoft Visual Studio 10.0\VC\bin\CL.exe /c /Zi /nologo /W3 /WX- /O2 /Oi /Oy- /GL /D WIN32 /D _WINDOWS /D NDEBUG /D _UNICODE /D UNICODE /D _AFXDLL /Gm- /EHsc /MD /GS /Gy /fp:precise /Zc:wchar_t /Zc:forScope /Yu"StdAfx.h" /Fp"Release\ProcessProtect.pch" /Fo"Release\\" /Fd"Release\vc100.pdb" /Gd /TP /analyze- /errorReport:prompt ProcessProtect.cpp ProcessProtectDlg.cpp
         ProcessProtect.cpp
         ProcessProtectDlg.cpp
     1>ProcessProtectDlg.cpp(35): warning C4996: 'strcat': This function or variable may be unsafe. Consider using strcat_s instead. To disable deprecation, use _CRT_SECURE_NO_WARNINGS. See online help for details.
                 C:\Program Files (x86)\Microsoft Visual Studio 10.0\VC\include\string.h(110) : 参见“strcat”的声明
       ResourceCompile:
         C:\Program Files (x86)\Microsoft SDKs\Windows\v7.0A\bin\rc.exe /D NDEBUG /D _UNICODE /D UNICODE /D _AFXDLL /l"0x0409" /IRelease\ /nologo /fo"Release\ProcessProtect.res" ProcessProtect.rc 
       Link:
         C:\Program Files (x86)\Microsoft Visual Studio 10.0\VC\bin\link.exe /ERRORREPORT:PROMPT /OUT:"C:\Users\1\Documents\Visual Studio 2010\Projects\ProcessProtect\Release\ProcessProtect.exe" /INCREMENTAL:NO /NOLOGO /MANIFEST /ManifestFile:"Release\ProcessProtect.exe.intermediate.manifest" /MANIFESTUAC:"level='asInvoker' uiAccess='false'" /DEBUG /PDB:"C:\Users\1\Documents\Visual Studio 2010\Projects\ProcessProtect\Release\ProcessProtect.pdb" /SUBSYSTEM:WINDOWS /OPT:REF /OPT:ICF /LTCG /TLBID:1 /ENTRY:"wWinMainCRTStartup" /DYNAMICBASE /NXCOMPAT /IMPLIB:"C:\Users\1\Documents\Visual Studio 2010\Projects\ProcessProtect\Release\ProcessProtect.lib" /MACHINE:X86 Release\ProcessProtect.res
         Release\ProcessProtect.obj
         Release\ProcessProtectDlg.obj
         Release\stdafx.obj
         正在生成代码
         已完成代码的生成
         ProcessProtect.vcxproj -> C:\Users\1\Documents\Visual Studio 2010\Projects\ProcessProtect\Release\ProcessProtect.exe
       Manifest:
         C:\Program Files (x86)\Microsoft SDKs\Windows\v7.0A\bin\mt.exe /nologo /verbose /outputresource:"C:\Users\1\Documents\Visual Studio 2010\Projects\ProcessProtect\Release\ProcessProtect.exe;#1" /manifest Release\ProcessProtect.exe.intermediate.manifest "C:\Program Files (x86)\Microsoft Visual Studio 10.0\VC\Include\Manifest\dpiaware.manifest"
       FinalizeBuildStatus:
         正在删除文件“Release\ProcessProtect.unsuccessfulbuild”。
         正在对“Release\ProcessProtect.lastbuildstate”执行 Touch 任务。
     1>已完成生成项目“C:\Users\1\Documents\Visual Studio 2010\Projects\ProcessProtect\ProcessProtect\ProcessProtect.vcxproj”(rebuild 个目标)的操作。

生成成功。

已用时间 00:00:06.72
